<?xml version="1.0" encoding="UTF-8"?>
<!-- Generated by org.testng.reporters.JUnitReportReporter -->
<testsuite hostname="talentelgia-System-Product-Name" failures="0" tests="4" name="com.qa.testcases.SearchPageTest" time="2.303" errors="0" timestamp="2020-03-20T04:06:16 GMT-04:00" skipped="3">
  <testcase classname="com.qa.testcases.SearchPageTest" name="invalidKeywordTest" time="2.303"/>
  <testcase classname="com.qa.testcases.SearchPageTest" name="keyboardTest">
    <skipped/>
  </testcase> <!-- keyboardTest -->
  <testcase classname="com.qa.testcases.SearchPageTest" name="autoSuggestionsTest">
    <skipped/>
  </testcase> <!-- autoSuggestionsTest -->
  <testcase classname="com.qa.testcases.SearchPageTest" name="searchFieldTest">
    <skipped/>
  </testcase> <!-- searchFieldTest -->
</testsuite> <!-- com.qa.testcases.SearchPageTest -->
