<?xml version="1.0" encoding="UTF-8"?>
<!-- Generated by org.testng.reporters.JUnitReportReporter -->
<testsuite hostname="talentelgia-System-Product-Name" failures="0" tests="2" name="com.qa.testcases.ForgotPasswordTest" time="0.009" errors="0" timestamp="2020-03-18T08:29:52 GMT-04:00" skipped="0">
  <testcase classname="com.qa.testcases.ForgotPasswordTest" name="forgotPasswordlinkvisiblitytest" time="0.004"/>
  <testcase classname="com.qa.testcases.ForgotPasswordTest" name="resetPasswordTest" time="0.005"/>
</testsuite> <!-- com.qa.testcases.ForgotPasswordTest -->
