<?xml version="1.0" encoding="UTF-8"?>
<!-- Generated by org.testng.reporters.JUnitReportReporter -->
<testsuite hostname="talentelgia-System-Product-Name" failures="0" tests="3" name="com.qa.testcases.SearchPageTest" time="2.532" errors="0" timestamp="2020-03-20T02:28:18 GMT-04:00" skipped="2">
  <testcase classname="com.qa.testcases.SearchPageTest" name="keyboardTest" time="2.532"/>
  <testcase classname="com.qa.testcases.SearchPageTest" name="autoSuggestionsTest">
    <skipped/>
  </testcase> <!-- autoSuggestionsTest -->
  <testcase classname="com.qa.testcases.SearchPageTest" name="searchFieldTest">
    <skipped/>
  </testcase> <!-- searchFieldTest -->
</testsuite> <!-- com.qa.testcases.SearchPageTest -->
