<?xml version="1.0" encoding="UTF-8"?>
<!-- Generated by org.testng.reporters.JUnitReportReporter -->
<testsuite hostname="talentelgia-System-Product-Name" failures="0" tests="5" name="com.qa.testcases.SearchPageTest" time="2.139" errors="0" timestamp="2020-03-20T05:28:04 GMT-04:00" skipped="4">
  <testcase classname="com.qa.testcases.SearchPageTest" name="BlankSearchFieldTest" time="2.139"/>
  <testcase classname="com.qa.testcases.SearchPageTest" name="keyboardTest">
    <skipped/>
  </testcase> <!-- keyboardTest -->
  <testcase classname="com.qa.testcases.SearchPageTest" name="invalidKeywordTest">
    <skipped/>
  </testcase> <!-- invalidKeywordTest -->
  <testcase classname="com.qa.testcases.SearchPageTest" name="autoSuggestionsTest">
    <skipped/>
  </testcase> <!-- autoSuggestionsTest -->
  <testcase classname="com.qa.testcases.SearchPageTest" name="searchFieldTest">
    <skipped/>
  </testcase> <!-- searchFieldTest -->
</testsuite> <!-- com.qa.testcases.SearchPageTest -->
