<?xml version="1.0" encoding="UTF-8"?>
<!-- Generated by org.testng.reporters.JUnitReportReporter -->
<testsuite hostname="talentelgia-System-Product-Name" failures="0" tests="1" name="com.qa.testcases.SearchPageNegativeTest" time="2.212" errors="0" timestamp="2020-03-19T08:27:22 GMT-04:00" skipped="0">
  <testcase classname="com.qa.testcases.SearchPageNegativeTest" name="specialCharactersTest" time="2.212"/>
</testsuite> <!-- com.qa.testcases.SearchPageNegativeTest -->
