<?xml version="1.0" encoding="UTF-8"?>
<!-- Generated by org.testng.reporters.JUnitReportReporter -->
<testsuite hostname="talentelgia-System-Product-Name" failures="0" tests="4" name="com.qa.testcases.InvalidLoginTest" time="108.546" errors="0" timestamp="2020-03-18T01:24:01 GMT-04:00" skipped="0">
  <testcase classname="com.qa.testcases.InvalidLoginTest" name="invalidLoginTest" time="27.052"/>
  <testcase classname="com.qa.testcases.InvalidLoginTest" name="InvalidEmailTest" time="27.167"/>
  <testcase classname="com.qa.testcases.InvalidLoginTest" name="InvalidPasswordTest" time="27.185"/>
  <testcase classname="com.qa.testcases.InvalidLoginTest" name="blankLoginTest" time="27.142"/>
</testsuite> <!-- com.qa.testcases.InvalidLoginTest -->
